APPSMITH_GIT_ROOT: /appsmith-stacks/git-storage
SLF4J(W): Class path contains multiple SLF4J providers.
SLF4J(W): Found provider [ch.qos.logback.classic.spi.LogbackServiceProvider@4e1d422d]
SLF4J(W): Found provider [org.slf4j.reload4j.Reload4jServiceProvider@66480dd7]
SLF4J(W): See https://www.slf4j.org/codes.html#multiple_bindings for an explanation.
SLF4J(I): Actual provider is of type [ch.qos.logback.classic.spi.LogbackServiceProvider@4e1d422d]
com.appsmith.external.exceptions.pluginExceptions.AppsmithPluginException: Requested url host is null or empty
	at com.appsmith.util.WebClientUtils.requestFilterFn(WebClientUtils.java:195)
	Suppressed: The stacktrace has been enhanced by Reactor, refer to additional information below: 
Error has been observed at the following site(s):
	*__checkpoint ⇢ Request to GET http:/users [DefaultWebClient]
Original Stack Trace:
		at com.appsmith.util.WebClientUtils.requestFilterFn(WebClientUtils.java:195)
		at org.springframework.web.reactive.function.client.ExchangeFilterFunction.lambda$ofRequestProcessor$3(ExchangeFilterFunction.java:84)
		at org.springframework.web.reactive.function.client.ExchangeFilterFunction.lambda$andThen$1(ExchangeFilterFunction.java:62)
		at org.springframework.web.reactive.function.client.ExchangeFilterFunction.lambda$andThen$1(ExchangeFilterFunction.java:62)
		at org.springframework.web.reactive.function.client.ExchangeFilterFunction.lambda$apply$2(ExchangeFilterFunction.java:73)
		at org.springframework.web.reactive.function.client.DefaultWebClient$DefaultRequestBodyUriSpec.lambda$exchange$8(DefaultWebClient.java:458)
		at reactor.core.publisher.MonoDefer.subscribe(MonoDefer.java:45)
		at reactor.core.publisher.InternalMonoOperator.subscribe(InternalMonoOperator.java:76)
		at reactor.core.publisher.MonoDeferContextual.subscribe(MonoDeferContextual.java:55)
		at reactor.core.publisher.InternalMonoOperator.subscribe(InternalMonoOperator.java:76)
		at reactor.core.publisher.MonoFlatMap$FlatMapMain.onNext(MonoFlatMap.java:165)
		at com.appsmith.server.configurations.MDCConfig$MdcContextLifter.onNext(MDCConfig.java:59)
		at reactor.core.publisher.MonoZip$ZipCoordinator.signal(MonoZip.java:297)
		at reactor.core.publisher.MonoZip$ZipInner.onNext(MonoZip.java:478)
		at com.appsmith.server.configurations.MDCConfig$MdcContextLifter.onNext(MDCConfig.java:59)
		at reactor.core.publisher.MonoFlatMap$FlatMapMain.secondComplete(MonoFlatMap.java:245)
		at reactor.core.publisher.MonoFlatMap$FlatMapInner.onNext(MonoFlatMap.java:305)
		at com.appsmith.server.configurations.MDCConfig$MdcContextLifter.onNext(MDCConfig.java:59)
		at reactor.core.publisher.FluxTap$TapSubscriber.onNext(FluxTap.java:226)
		at reactor.core.publisher.FluxTapFuseable$TapFuseableSubscriber.onNext(FluxTapFuseable.java:197)
		at com.appsmith.server.configurations.MDCConfig$MdcContextLifter.onNext(MDCConfig.java:59)
		at reactor.core.publisher.FluxHide$SuppressFuseableSubscriber.onNext(FluxHide.java:137)
		at reactor.core.publisher.MonoFlatMap$FlatMapMain.secondComplete(MonoFlatMap.java:245)
		at reactor.core.publisher.MonoFlatMap$FlatMapInner.onNext(MonoFlatMap.java:305)
		at com.appsmith.server.configurations.MDCConfig$MdcContextLifter.onNext(MDCConfig.java:59)
		at reactor.core.publisher.FluxOnErrorResume$ResumeSubscriber.onNext(FluxOnErrorResume.java:79)
		at com.appsmith.server.configurations.MDCConfig$MdcContextLifter.onNext(MDCConfig.java:59)
		at reactor.core.publisher.MonoFlatMap$FlatMapMain.secondComplete(MonoFlatMap.java:245)
		at reactor.core.publisher.MonoFlatMap$FlatMapInner.onNext(MonoFlatMap.java:305)
		at com.appsmith.server.configurations.MDCConfig$MdcContextLifter.onNext(MDCConfig.java:59)
		at reactor.core.publisher.MonoSubscribeOn$SubscribeOnSubscriber.onNext(MonoSubscribeOn.java:146)
		at com.appsmith.server.configurations.MDCConfig$MdcContextLifter.onNext(MDCConfig.java:59)
		at reactor.core.publisher.MonoFlatMap$FlatMapMain.secondComplete(MonoFlatMap.java:245)
		at reactor.core.publisher.MonoFlatMap$FlatMapInner.onNext(MonoFlatMap.java:305)
		at com.appsmith.server.configurations.MDCConfig$MdcContextLifter.onNext(MDCConfig.java:59)
		at reactor.core.publisher.MonoSubscribeOn$SubscribeOnSubscriber.onNext(MonoSubscribeOn.java:146)
		at com.appsmith.server.configurations.MDCConfig$MdcContextLifter.onNext(MDCConfig.java:59)
		at reactor.core.publisher.MonoFlatMap$FlatMapMain.secondComplete(MonoFlatMap.java:245)
		at reactor.core.publisher.MonoFlatMap$FlatMapInner.onNext(MonoFlatMap.java:305)
		at com.appsmith.server.configurations.MDCConfig$MdcContextLifter.onNext(MDCConfig.java:59)
		at reactor.core.publisher.FluxSwitchIfEmpty$SwitchIfEmptySubscriber.onNext(FluxSwitchIfEmpty.java:74)
		at com.appsmith.server.configurations.MDCConfig$MdcContextLifter.onNext(MDCConfig.java:59)
		at reactor.core.publisher.Operators$MonoSubscriber.complete(Operators.java:1864)
		at reactor.core.publisher.MonoCacheTime$CoordinatorSubscriber.signalCached(MonoCacheTime.java:337)
		at reactor.core.publisher.MonoCacheTime$CoordinatorSubscriber.onNext(MonoCacheTime.java:354)
		at com.appsmith.server.configurations.MDCConfig$MdcContextLifter.onNext(MDCConfig.java:59)
		at reactor.core.publisher.Operators$BaseFluxToMonoOperator.completePossiblyEmpty(Operators.java:2096)
		at reactor.core.publisher.FluxDefaultIfEmpty$DefaultIfEmptySubscriber.onComplete(FluxDefaultIfEmpty.java:134)
		at com.appsmith.server.configurations.MDCConfig$MdcContextLifter.onComplete(MDCConfig.java:69)
		at reactor.core.publisher.FluxHide$SuppressFuseableSubscriber.onComplete(FluxHide.java:147)
		at reactor.core.publisher.FluxMapFuseable$MapFuseableSubscriber.onComplete(FluxMapFuseable.java:152)
		at com.appsmith.server.configurations.MDCConfig$MdcContextLifter.onComplete(MDCConfig.java:69)
		at reactor.core.publisher.FluxHide$SuppressFuseableSubscriber.onComplete(FluxHide.java:147)
		at reactor.core.publisher.MonoFlatMap$FlatMapMain.onComplete(MonoFlatMap.java:189)
		at com.appsmith.server.configurations.MDCConfig$MdcContextLifter.onComplete(MDCConfig.java:69)
		at reactor.core.publisher.Operators$MonoSubscriber.onComplete(Operators.java:1906)
		at reactor.core.publisher.MonoCacheTime.subscribeOrReturn(MonoCacheTime.java:154)
		at reactor.core.publisher.InternalMonoOperator.subscribe(InternalMonoOperator.java:63)
		at reactor.core.publisher.MonoCacheTime.subscribeOrReturn(MonoCacheTime.java:143)
		at reactor.core.publisher.Mono.subscribe(Mono.java:4560)
		at reactor.core.publisher.FluxSwitchIfEmpty$SwitchIfEmptySubscriber.onComplete(FluxSwitchIfEmpty.java:82)
		at com.appsmith.server.configurations.MDCConfig$MdcContextLifter.onComplete(MDCConfig.java:69)
		at reactor.core.publisher.MonoFlatMap$FlatMapMain.onComplete(MonoFlatMap.java:189)
		at com.appsmith.server.configurations.MDCConfig$MdcContextLifter.onComplete(MDCConfig.java:69)
		at reactor.core.publisher.Operators$MonoSubscriber.onComplete(Operators.java:1906)
		at reactor.core.publisher.MonoCacheTime$CoordinatorSubscriber.signalCached(MonoCacheTime.java:343)
		at reactor.core.publisher.MonoCacheTime$CoordinatorSubscriber.onComplete(MonoCacheTime.java:368)
		at com.appsmith.server.configurations.MDCConfig$MdcContextLifter.onComplete(MDCConfig.java:69)
		at reactor.core.publisher.MonoFlatMap$FlatMapMain.onNext(MonoFlatMap.java:155)
		at com.appsmith.server.configurations.MDCConfig$MdcContextLifter.onNext(MDCConfig.java:59)
		at reactor.core.publisher.FluxMap$MapSubscriber.onNext(FluxMap.java:122)
		at com.appsmith.server.configurations.MDCConfig$MdcContextLifter.onNext(MDCConfig.java:59)
		at reactor.core.publisher.FluxMap$MapSubscriber.onNext(FluxMap.java:122)
		at com.appsmith.server.configurations.MDCConfig$MdcContextLifter.onNext(MDCConfig.java:59)
		at reactor.core.publisher.MonoZip$ZipCoordinator.signal(MonoZip.java:297)
		at reactor.core.publisher.MonoZip$ZipInner.onNext(MonoZip.java:478)
		at com.appsmith.server.configurations.MDCConfig$MdcContextLifter.onNext(MDCConfig.java:59)
		at reactor.core.publisher.MonoFlatMap$FlatMapMain.secondComplete(MonoFlatMap.java:245)
		at reactor.core.publisher.MonoFlatMap$FlatMapInner.onNext(MonoFlatMap.java:305)
		at com.appsmith.server.configurations.MDCConfig$MdcContextLifter.onNext(MDCConfig.java:59)
		at reactor.core.publisher.FluxSwitchIfEmpty$SwitchIfEmptySubscriber.onNext(FluxSwitchIfEmpty.java:74)
		at com.appsmith.server.configurations.MDCConfig$MdcContextLifter.onNext(MDCConfig.java:59)
		at reactor.core.publisher.FluxMap$MapSubscriber.onNext(FluxMap.java:122)
		at com.appsmith.server.configurations.MDCConfig$MdcContextLifter.onNext(MDCConfig.java:59)
		at reactor.core.publisher.FluxSwitchIfEmpty$SwitchIfEmptySubscriber.onNext(FluxSwitchIfEmpty.java:74)
		at com.appsmith.server.configurations.MDCConfig$MdcContextLifter.onNext(MDCConfig.java:59)
		at reactor.core.publisher.FluxSwitchIfEmpty$SwitchIfEmptySubscriber.onNext(FluxSwitchIfEmpty.java:74)
		at com.appsmith.server.configurations.MDCConfig$MdcContextLifter.onNext(MDCConfig.java:59)
		at reactor.core.publisher.FluxMap$MapSubscriber.onNext(FluxMap.java:122)
		at com.appsmith.server.configurations.MDCConfig$MdcContextLifter.onNext(MDCConfig.java:59)
		at reactor.core.publisher.MonoNext$NextSubscriber.onNext(MonoNext.java:82)
		at com.appsmith.server.configurations.MDCConfig$MdcContextLifter.onNext(MDCConfig.java:59)
		at reactor.core.publisher.FluxUsingWhen$UsingWhenSubscriber.onNext(FluxUsingWhen.java:348)
		at com.appsmith.server.configurations.MDCConfig$MdcContextLifter.onNext(MDCConfig.java:59)
		at reactor.core.publisher.FluxMap$MapSubscriber.onNext(FluxMap.java:122)
		at com.appsmith.server.configurations.MDCConfig$MdcContextLifter.onNext(MDCConfig.java:59)
		at reactor.core.publisher.FluxMap$MapSubscriber.onNext(FluxMap.java:122)
		at com.appsmith.server.configurations.MDCConfig$MdcContextLifter.onNext(MDCConfig.java:59)
		at reactor.core.publisher.FluxFilter$FilterSubscriber.onNext(FluxFilter.java:113)
		at com.appsmith.server.configurations.MDCConfig$MdcContextLifter.onNext(MDCConfig.java:59)
		at reactor.core.publisher.MonoNext$NextSubscriber.onNext(MonoNext.java:82)
		at com.appsmith.server.configurations.MDCConfig$MdcContextLifter.onNext(MDCConfig.java:59)
		at reactor.core.publisher.FluxOnErrorResume$ResumeSubscriber.onNext(FluxOnErrorResume.java:79)
		at com.appsmith.server.configurations.MDCConfig$MdcContextLifter.onNext(MDCConfig.java:59)
		at reactor.core.publisher.MonoFlatMapMany$FlatMapManyInner.onNext(MonoFlatMapMany.java:251)
		at com.appsmith.server.configurations.MDCConfig$MdcContextLifter.onNext(MDCConfig.java:59)
		at reactor.core.publisher.FluxConcatMapNoPrefetch$FluxConcatMapNoPrefetchSubscriber.innerNext(FluxConcatMapNoPrefetch.java:259)
		at reactor.core.publisher.FluxConcatMap$ConcatMapInner.onNext(FluxConcatMap.java:865)
		at com.appsmith.server.configurations.MDCConfig$MdcContextLifter.onNext(MDCConfig.java:59)
		at reactor.core.publisher.FluxDefaultIfEmpty$DefaultIfEmptySubscriber.onNext(FluxDefaultIfEmpty.java:122)
		at com.appsmith.server.configurations.MDCConfig$MdcContextLifter.onNext(MDCConfig.java:59)
		at reactor.core.publisher.FluxMap$MapSubscriber.onNext(FluxMap.java:122)
		at com.appsmith.server.configurations.MDCConfig$MdcContextLifter.onNext(MDCConfig.java:59)
		at reactor.core.publisher.MonoNext$NextSubscriber.onNext(MonoNext.java:82)
		at reactor.core.publisher.MonoNext$NextSubscriber.onNext(MonoNext.java:82)
		at io.lettuce.core.RedisPublisher$ImmediateSubscriber.onNext(RedisPublisher.java:890)
		at io.lettuce.core.RedisPublisher$RedisSubscription.onNext(RedisPublisher.java:291)
		at io.lettuce.core.RedisPublisher$SubscriptionCommand.doOnComplete(RedisPublisher.java:777)
		at io.lettuce.core.protocol.CommandWrapper.complete(CommandWrapper.java:65)
		at io.lettuce.core.protocol.CommandWrapper.complete(CommandWrapper.java:63)
		at io.lettuce.core.protocol.CommandHandler.complete(CommandHandler.java:745)
		at io.lettuce.core.protocol.CommandHandler.decode(CommandHandler.java:680)
		at io.lettuce.core.protocol.CommandHandler.channelRead(CommandHandler.java:597)
		at io.netty.channel.AbstractChannelHandlerContext.invokeChannelRead(AbstractChannelHandlerContext.java:442)
		at io.netty.channel.AbstractChannelHandlerContext.invokeChannelRead(AbstractChannelHandlerContext.java:420)
		at io.netty.channel.AbstractChannelHandlerContext.fireChannelRead(AbstractChannelHandlerContext.java:412)
		at io.netty.channel.DefaultChannelPipeline$HeadContext.channelRead(DefaultChannelPipeline.java:1357)
		at io.netty.channel.AbstractChannelHandlerContext.invokeChannelRead(AbstractChannelHandlerContext.java:440)
		at io.netty.channel.AbstractChannelHandlerContext.invokeChannelRead(AbstractChannelHandlerContext.java:420)
		at io.netty.channel.DefaultChannelPipeline.fireChannelRead(DefaultChannelPipeline.java:868)
		at io.netty.channel.epoll.AbstractEpollStreamChannel$EpollStreamUnsafe.epollInReady(AbstractEpollStreamChannel.java:799)
		at io.netty.channel.epoll.EpollEventLoop.processReady(EpollEventLoop.java:501)
		at io.netty.channel.epoll.EpollEventLoop.run(EpollEventLoop.java:399)
		at io.netty.util.concurrent.SingleThreadEventExecutor$4.run(SingleThreadEventExecutor.java:998)
		at io.netty.util.internal.ThreadExecutorMap$2.run(ThreadExecutorMap.java:74)
		at io.netty.util.concurrent.FastThreadLocalRunnable.run(FastThreadLocalRunnable.java:30)
		at java.base/java.lang.Thread.run(Thread.java:840)
com.appsmith.external.exceptions.pluginExceptions.AppsmithPluginException: Requested url host is null or empty
	at com.appsmith.util.WebClientUtils.requestFilterFn(WebClientUtils.java:195)
	Suppressed: The stacktrace has been enhanced by Reactor, refer to additional information below: 
Error has been observed at the following site(s):
	*__checkpoint ⇢ Request to GET http:/users [DefaultWebClient]
Original Stack Trace:
		at com.appsmith.util.WebClientUtils.requestFilterFn(WebClientUtils.java:195)
		at org.springframework.web.reactive.function.client.ExchangeFilterFunction.lambda$ofRequestProcessor$3(ExchangeFilterFunction.java:84)
		at org.springframework.web.reactive.function.client.ExchangeFilterFunction.lambda$andThen$1(ExchangeFilterFunction.java:62)
		at org.springframework.web.reactive.function.client.ExchangeFilterFunction.lambda$andThen$1(ExchangeFilterFunction.java:62)
		at org.springframework.web.reactive.function.client.ExchangeFilterFunction.lambda$apply$2(ExchangeFilterFunction.java:73)
		at org.springframework.web.reactive.function.client.DefaultWebClient$DefaultRequestBodyUriSpec.lambda$exchange$8(DefaultWebClient.java:458)
		at reactor.core.publisher.MonoDefer.subscribe(MonoDefer.java:45)
		at reactor.core.publisher.InternalMonoOperator.subscribe(InternalMonoOperator.java:76)
		at reactor.core.publisher.MonoDeferContextual.subscribe(MonoDeferContextual.java:55)
		at reactor.core.publisher.InternalMonoOperator.subscribe(InternalMonoOperator.java:76)
		at reactor.core.publisher.MonoFlatMap$FlatMapMain.onNext(MonoFlatMap.java:165)
		at com.appsmith.server.configurations.MDCConfig$MdcContextLifter.onNext(MDCConfig.java:59)
		at reactor.core.publisher.MonoZip$ZipCoordinator.signal(MonoZip.java:297)
		at reactor.core.publisher.MonoZip$ZipInner.onNext(MonoZip.java:478)
		at com.appsmith.server.configurations.MDCConfig$MdcContextLifter.onNext(MDCConfig.java:59)
		at reactor.core.publisher.MonoFlatMap$FlatMapMain.secondComplete(MonoFlatMap.java:245)
		at reactor.core.publisher.MonoFlatMap$FlatMapInner.onNext(MonoFlatMap.java:305)
		at com.appsmith.server.configurations.MDCConfig$MdcContextLifter.onNext(MDCConfig.java:59)
		at reactor.core.publisher.FluxTap$TapSubscriber.onNext(FluxTap.java:226)
		at reactor.core.publisher.FluxTapFuseable$TapFuseableSubscriber.onNext(FluxTapFuseable.java:197)
		at com.appsmith.server.configurations.MDCConfig$MdcContextLifter.onNext(MDCConfig.java:59)
		at reactor.core.publisher.FluxHide$SuppressFuseableSubscriber.onNext(FluxHide.java:137)
		at reactor.core.publisher.MonoFlatMap$FlatMapMain.secondComplete(MonoFlatMap.java:245)
		at reactor.core.publisher.MonoFlatMap$FlatMapInner.onNext(MonoFlatMap.java:305)
		at com.appsmith.server.configurations.MDCConfig$MdcContextLifter.onNext(MDCConfig.java:59)
		at reactor.core.publisher.FluxOnErrorResume$ResumeSubscriber.onNext(FluxOnErrorResume.java:79)
		at com.appsmith.server.configurations.MDCConfig$MdcContextLifter.onNext(MDCConfig.java:59)
		at reactor.core.publisher.MonoFlatMap$FlatMapMain.secondComplete(MonoFlatMap.java:245)
		at reactor.core.publisher.MonoFlatMap$FlatMapInner.onNext(MonoFlatMap.java:305)
		at com.appsmith.server.configurations.MDCConfig$MdcContextLifter.onNext(MDCConfig.java:59)
		at reactor.core.publisher.MonoSubscribeOn$SubscribeOnSubscriber.onNext(MonoSubscribeOn.java:146)
		at com.appsmith.server.configurations.MDCConfig$MdcContextLifter.onNext(MDCConfig.java:59)
		at reactor.core.publisher.MonoFlatMap$FlatMapMain.secondComplete(MonoFlatMap.java:245)
		at reactor.core.publisher.MonoFlatMap$FlatMapInner.onNext(MonoFlatMap.java:305)
		at com.appsmith.server.configurations.MDCConfig$MdcContextLifter.onNext(MDCConfig.java:59)
		at reactor.core.publisher.MonoSubscribeOn$SubscribeOnSubscriber.onNext(MonoSubscribeOn.java:146)
		at com.appsmith.server.configurations.MDCConfig$MdcContextLifter.onNext(MDCConfig.java:59)
		at reactor.core.publisher.MonoFlatMap$FlatMapMain.secondComplete(MonoFlatMap.java:245)
		at reactor.core.publisher.MonoFlatMap$FlatMapInner.onNext(MonoFlatMap.java:305)
		at com.appsmith.server.configurations.MDCConfig$MdcContextLifter.onNext(MDCConfig.java:59)
		at reactor.core.publisher.FluxSwitchIfEmpty$SwitchIfEmptySubscriber.onNext(FluxSwitchIfEmpty.java:74)
		at com.appsmith.server.configurations.MDCConfig$MdcContextLifter.onNext(MDCConfig.java:59)
		at reactor.core.publisher.Operators$MonoSubscriber.complete(Operators.java:1864)
		at reactor.core.publisher.MonoCacheTime$CoordinatorSubscriber.signalCached(MonoCacheTime.java:337)
		at reactor.core.publisher.MonoCacheTime$CoordinatorSubscriber.onNext(MonoCacheTime.java:354)
		at com.appsmith.server.configurations.MDCConfig$MdcContextLifter.onNext(MDCConfig.java:59)
		at reactor.core.publisher.Operators$BaseFluxToMonoOperator.completePossiblyEmpty(Operators.java:2096)
		at reactor.core.publisher.FluxDefaultIfEmpty$DefaultIfEmptySubscriber.onComplete(FluxDefaultIfEmpty.java:134)
		at com.appsmith.server.configurations.MDCConfig$MdcContextLifter.onComplete(MDCConfig.java:69)
		at reactor.core.publisher.FluxHide$SuppressFuseableSubscriber.onComplete(FluxHide.java:147)
		at reactor.core.publisher.FluxMapFuseable$MapFuseableSubscriber.onComplete(FluxMapFuseable.java:152)
		at com.appsmith.server.configurations.MDCConfig$MdcContextLifter.onComplete(MDCConfig.java:69)
		at reactor.core.publisher.FluxHide$SuppressFuseableSubscriber.onComplete(FluxHide.java:147)
		at reactor.core.publisher.MonoFlatMap$FlatMapMain.onComplete(MonoFlatMap.java:189)
		at com.appsmith.server.configurations.MDCConfig$MdcContextLifter.onComplete(MDCConfig.java:69)
		at reactor.core.publisher.Operators$MonoSubscriber.onComplete(Operators.java:1906)
		at reactor.core.publisher.MonoCacheTime.subscribeOrReturn(MonoCacheTime.java:154)
		at reactor.core.publisher.InternalMonoOperator.subscribe(InternalMonoOperator.java:63)
		at reactor.core.publisher.MonoCacheTime.subscribeOrReturn(MonoCacheTime.java:143)
		at reactor.core.publisher.Mono.subscribe(Mono.java:4560)
		at reactor.core.publisher.FluxSwitchIfEmpty$SwitchIfEmptySubscriber.onComplete(FluxSwitchIfEmpty.java:82)
		at com.appsmith.server.configurations.MDCConfig$MdcContextLifter.onComplete(MDCConfig.java:69)
		at reactor.core.publisher.MonoFlatMap$FlatMapMain.onComplete(MonoFlatMap.java:189)
		at com.appsmith.server.configurations.MDCConfig$MdcContextLifter.onComplete(MDCConfig.java:69)
		at reactor.core.publisher.Operators$MonoSubscriber.onComplete(Operators.java:1906)
		at reactor.core.publisher.MonoCacheTime$CoordinatorSubscriber.signalCached(MonoCacheTime.java:343)
		at reactor.core.publisher.MonoCacheTime$CoordinatorSubscriber.onComplete(MonoCacheTime.java:368)
		at com.appsmith.server.configurations.MDCConfig$MdcContextLifter.onComplete(MDCConfig.java:69)
		at reactor.core.publisher.MonoFlatMap$FlatMapMain.onNext(MonoFlatMap.java:155)
		at com.appsmith.server.configurations.MDCConfig$MdcContextLifter.onNext(MDCConfig.java:59)
		at reactor.core.publisher.FluxMap$MapSubscriber.onNext(FluxMap.java:122)
		at com.appsmith.server.configurations.MDCConfig$MdcContextLifter.onNext(MDCConfig.java:59)
		at reactor.core.publisher.FluxMap$MapSubscriber.onNext(FluxMap.java:122)
		at com.appsmith.server.configurations.MDCConfig$MdcContextLifter.onNext(MDCConfig.java:59)
		at reactor.core.publisher.MonoZip$ZipCoordinator.signal(MonoZip.java:297)
		at reactor.core.publisher.MonoZip$ZipInner.onNext(MonoZip.java:478)
		at com.appsmith.server.configurations.MDCConfig$MdcContextLifter.onNext(MDCConfig.java:59)
		at reactor.core.publisher.MonoFlatMap$FlatMapMain.secondComplete(MonoFlatMap.java:245)
		at reactor.core.publisher.MonoFlatMap$FlatMapInner.onNext(MonoFlatMap.java:305)
		at com.appsmith.server.configurations.MDCConfig$MdcContextLifter.onNext(MDCConfig.java:59)
		at reactor.core.publisher.FluxSwitchIfEmpty$SwitchIfEmptySubscriber.onNext(FluxSwitchIfEmpty.java:74)
		at com.appsmith.server.configurations.MDCConfig$MdcContextLifter.onNext(MDCConfig.java:59)
		at reactor.core.publisher.FluxMap$MapSubscriber.onNext(FluxMap.java:122)
		at com.appsmith.server.configurations.MDCConfig$MdcContextLifter.onNext(MDCConfig.java:59)
		at reactor.core.publisher.FluxSwitchIfEmpty$SwitchIfEmptySubscriber.onNext(FluxSwitchIfEmpty.java:74)
		at com.appsmith.server.configurations.MDCConfig$MdcContextLifter.onNext(MDCConfig.java:59)
		at reactor.core.publisher.FluxSwitchIfEmpty$SwitchIfEmptySubscriber.onNext(FluxSwitchIfEmpty.java:74)
		at com.appsmith.server.configurations.MDCConfig$MdcContextLifter.onNext(MDCConfig.java:59)
		at reactor.core.publisher.FluxMap$MapSubscriber.onNext(FluxMap.java:122)
		at com.appsmith.server.configurations.MDCConfig$MdcContextLifter.onNext(MDCConfig.java:59)
		at reactor.core.publisher.MonoNext$NextSubscriber.onNext(MonoNext.java:82)
		at com.appsmith.server.configurations.MDCConfig$MdcContextLifter.onNext(MDCConfig.java:59)
		at reactor.core.publisher.FluxUsingWhen$UsingWhenSubscriber.onNext(FluxUsingWhen.java:348)
		at com.appsmith.server.configurations.MDCConfig$MdcContextLifter.onNext(MDCConfig.java:59)
		at reactor.core.publisher.FluxMap$MapSubscriber.onNext(FluxMap.java:122)
		at com.appsmith.server.configurations.MDCConfig$MdcContextLifter.onNext(MDCConfig.java:59)
		at reactor.core.publisher.FluxMap$MapSubscriber.onNext(FluxMap.java:122)
		at com.appsmith.server.configurations.MDCConfig$MdcContextLifter.onNext(MDCConfig.java:59)
		at reactor.core.publisher.FluxFilter$FilterSubscriber.onNext(FluxFilter.java:113)
		at com.appsmith.server.configurations.MDCConfig$MdcContextLifter.onNext(MDCConfig.java:59)
		at reactor.core.publisher.MonoNext$NextSubscriber.onNext(MonoNext.java:82)
		at com.appsmith.server.configurations.MDCConfig$MdcContextLifter.onNext(MDCConfig.java:59)
		at reactor.core.publisher.FluxOnErrorResume$ResumeSubscriber.onNext(FluxOnErrorResume.java:79)
		at com.appsmith.server.configurations.MDCConfig$MdcContextLifter.onNext(MDCConfig.java:59)
		at reactor.core.publisher.MonoFlatMapMany$FlatMapManyInner.onNext(MonoFlatMapMany.java:251)
		at com.appsmith.server.configurations.MDCConfig$MdcContextLifter.onNext(MDCConfig.java:59)
		at reactor.core.publisher.FluxConcatMapNoPrefetch$FluxConcatMapNoPrefetchSubscriber.innerNext(FluxConcatMapNoPrefetch.java:259)
		at reactor.core.publisher.FluxConcatMap$ConcatMapInner.onNext(FluxConcatMap.java:865)
		at com.appsmith.server.configurations.MDCConfig$MdcContextLifter.onNext(MDCConfig.java:59)
		at reactor.core.publisher.FluxDefaultIfEmpty$DefaultIfEmptySubscriber.onNext(FluxDefaultIfEmpty.java:122)
		at com.appsmith.server.configurations.MDCConfig$MdcContextLifter.onNext(MDCConfig.java:59)
		at reactor.core.publisher.FluxMap$MapSubscriber.onNext(FluxMap.java:122)
		at com.appsmith.server.configurations.MDCConfig$MdcContextLifter.onNext(MDCConfig.java:59)
		at reactor.core.publisher.MonoNext$NextSubscriber.onNext(MonoNext.java:82)
		at reactor.core.publisher.MonoNext$NextSubscriber.onNext(MonoNext.java:82)
		at io.lettuce.core.RedisPublisher$ImmediateSubscriber.onNext(RedisPublisher.java:890)
		at io.lettuce.core.RedisPublisher$RedisSubscription.onNext(RedisPublisher.java:291)
		at io.lettuce.core.RedisPublisher$SubscriptionCommand.doOnComplete(RedisPublisher.java:777)
		at io.lettuce.core.protocol.CommandWrapper.complete(CommandWrapper.java:65)
		at io.lettuce.core.protocol.CommandWrapper.complete(CommandWrapper.java:63)
		at io.lettuce.core.protocol.CommandHandler.complete(CommandHandler.java:745)
		at io.lettuce.core.protocol.CommandHandler.decode(CommandHandler.java:680)
		at io.lettuce.core.protocol.CommandHandler.channelRead(CommandHandler.java:597)
		at io.netty.channel.AbstractChannelHandlerContext.invokeChannelRead(AbstractChannelHandlerContext.java:442)
		at io.netty.channel.AbstractChannelHandlerContext.invokeChannelRead(AbstractChannelHandlerContext.java:420)
		at io.netty.channel.AbstractChannelHandlerContext.fireChannelRead(AbstractChannelHandlerContext.java:412)
		at io.netty.channel.DefaultChannelPipeline$HeadContext.channelRead(DefaultChannelPipeline.java:1357)
		at io.netty.channel.AbstractChannelHandlerContext.invokeChannelRead(AbstractChannelHandlerContext.java:440)
		at io.netty.channel.AbstractChannelHandlerContext.invokeChannelRead(AbstractChannelHandlerContext.java:420)
		at io.netty.channel.DefaultChannelPipeline.fireChannelRead(DefaultChannelPipeline.java:868)
		at io.netty.channel.epoll.AbstractEpollStreamChannel$EpollStreamUnsafe.epollInReady(AbstractEpollStreamChannel.java:799)
		at io.netty.channel.epoll.EpollEventLoop.processReady(EpollEventLoop.java:501)
		at io.netty.channel.epoll.EpollEventLoop.run(EpollEventLoop.java:399)
		at io.netty.util.concurrent.SingleThreadEventExecutor$4.run(SingleThreadEventExecutor.java:998)
		at io.netty.util.internal.ThreadExecutorMap$2.run(ThreadExecutorMap.java:74)
		at io.netty.util.concurrent.FastThreadLocalRunnable.run(FastThreadLocalRunnable.java:30)
		at java.base/java.lang.Thread.run(Thread.java:840)
com.appsmith.external.exceptions.pluginExceptions.AppsmithPluginException: Requested url host is null or empty
	at com.appsmith.util.WebClientUtils.requestFilterFn(WebClientUtils.java:195)
	Suppressed: The stacktrace has been enhanced by Reactor, refer to additional information below: 
Error has been observed at the following site(s):
	*__checkpoint ⇢ Request to GET http:/users [DefaultWebClient]
Original Stack Trace:
		at com.appsmith.util.WebClientUtils.requestFilterFn(WebClientUtils.java:195)
		at org.springframework.web.reactive.function.client.ExchangeFilterFunction.lambda$ofRequestProcessor$3(ExchangeFilterFunction.java:84)
		at org.springframework.web.reactive.function.client.ExchangeFilterFunction.lambda$andThen$1(ExchangeFilterFunction.java:62)
		at org.springframework.web.reactive.function.client.ExchangeFilterFunction.lambda$andThen$1(ExchangeFilterFunction.java:62)
		at org.springframework.web.reactive.function.client.ExchangeFilterFunction.lambda$apply$2(ExchangeFilterFunction.java:73)
		at org.springframework.web.reactive.function.client.DefaultWebClient$DefaultRequestBodyUriSpec.lambda$exchange$8(DefaultWebClient.java:458)
		at reactor.core.publisher.MonoDefer.subscribe(MonoDefer.java:45)
		at reactor.core.publisher.InternalMonoOperator.subscribe(InternalMonoOperator.java:76)
		at reactor.core.publisher.MonoDeferContextual.subscribe(MonoDeferContextual.java:55)
		at reactor.core.publisher.InternalMonoOperator.subscribe(InternalMonoOperator.java:76)
		at reactor.core.publisher.MonoFlatMap$FlatMapMain.onNext(MonoFlatMap.java:165)
		at com.appsmith.server.configurations.MDCConfig$MdcContextLifter.onNext(MDCConfig.java:59)
		at reactor.core.publisher.MonoZip$ZipCoordinator.signal(MonoZip.java:297)
		at reactor.core.publisher.MonoZip$ZipInner.onNext(MonoZip.java:478)
		at com.appsmith.server.configurations.MDCConfig$MdcContextLifter.onNext(MDCConfig.java:59)
		at reactor.core.publisher.MonoFlatMap$FlatMapMain.secondComplete(MonoFlatMap.java:245)
		at reactor.core.publisher.MonoFlatMap$FlatMapInner.onNext(MonoFlatMap.java:305)
		at com.appsmith.server.configurations.MDCConfig$MdcContextLifter.onNext(MDCConfig.java:59)
		at reactor.core.publisher.FluxTap$TapSubscriber.onNext(FluxTap.java:226)
		at reactor.core.publisher.FluxTapFuseable$TapFuseableSubscriber.onNext(FluxTapFuseable.java:197)
		at com.appsmith.server.configurations.MDCConfig$MdcContextLifter.onNext(MDCConfig.java:59)
		at reactor.core.publisher.FluxHide$SuppressFuseableSubscriber.onNext(FluxHide.java:137)
		at reactor.core.publisher.MonoFlatMap$FlatMapMain.secondComplete(MonoFlatMap.java:245)
		at reactor.core.publisher.MonoFlatMap$FlatMapInner.onNext(MonoFlatMap.java:305)
		at com.appsmith.server.configurations.MDCConfig$MdcContextLifter.onNext(MDCConfig.java:59)
		at reactor.core.publisher.FluxOnErrorResume$ResumeSubscriber.onNext(FluxOnErrorResume.java:79)
		at com.appsmith.server.configurations.MDCConfig$MdcContextLifter.onNext(MDCConfig.java:59)
		at reactor.core.publisher.MonoFlatMap$FlatMapMain.secondComplete(MonoFlatMap.java:245)
		at reactor.core.publisher.MonoFlatMap$FlatMapInner.onNext(MonoFlatMap.java:305)
		at com.appsmith.server.configurations.MDCConfig$MdcContextLifter.onNext(MDCConfig.java:59)
		at reactor.core.publisher.MonoSubscribeOn$SubscribeOnSubscriber.onNext(MonoSubscribeOn.java:146)
		at com.appsmith.server.configurations.MDCConfig$MdcContextLifter.onNext(MDCConfig.java:59)
		at reactor.core.publisher.MonoFlatMap$FlatMapMain.secondComplete(MonoFlatMap.java:245)
		at reactor.core.publisher.MonoFlatMap$FlatMapInner.onNext(MonoFlatMap.java:305)
		at com.appsmith.server.configurations.MDCConfig$MdcContextLifter.onNext(MDCConfig.java:59)
		at reactor.core.publisher.MonoSubscribeOn$SubscribeOnSubscriber.onNext(MonoSubscribeOn.java:146)
		at com.appsmith.server.configurations.MDCConfig$MdcContextLifter.onNext(MDCConfig.java:59)
		at reactor.core.publisher.MonoFlatMap$FlatMapMain.secondComplete(MonoFlatMap.java:245)
		at reactor.core.publisher.MonoFlatMap$FlatMapInner.onNext(MonoFlatMap.java:305)
		at com.appsmith.server.configurations.MDCConfig$MdcContextLifter.onNext(MDCConfig.java:59)
		at reactor.core.publisher.FluxSwitchIfEmpty$SwitchIfEmptySubscriber.onNext(FluxSwitchIfEmpty.java:74)
		at com.appsmith.server.configurations.MDCConfig$MdcContextLifter.onNext(MDCConfig.java:59)
		at reactor.core.publisher.Operators$MonoSubscriber.complete(Operators.java:1864)
		at reactor.core.publisher.MonoCacheTime$CoordinatorSubscriber.signalCached(MonoCacheTime.java:337)
		at reactor.core.publisher.MonoCacheTime$CoordinatorSubscriber.onNext(MonoCacheTime.java:354)
		at com.appsmith.server.configurations.MDCConfig$MdcContextLifter.onNext(MDCConfig.java:59)
		at reactor.core.publisher.Operators$BaseFluxToMonoOperator.completePossiblyEmpty(Operators.java:2096)
		at reactor.core.publisher.FluxDefaultIfEmpty$DefaultIfEmptySubscriber.onComplete(FluxDefaultIfEmpty.java:134)
		at com.appsmith.server.configurations.MDCConfig$MdcContextLifter.onComplete(MDCConfig.java:69)
		at reactor.core.publisher.FluxHide$SuppressFuseableSubscriber.onComplete(FluxHide.java:147)
		at reactor.core.publisher.FluxMapFuseable$MapFuseableSubscriber.onComplete(FluxMapFuseable.java:152)
		at com.appsmith.server.configurations.MDCConfig$MdcContextLifter.onComplete(MDCConfig.java:69)
		at reactor.core.publisher.FluxHide$SuppressFuseableSubscriber.onComplete(FluxHide.java:147)
		at reactor.core.publisher.MonoFlatMap$FlatMapMain.onComplete(MonoFlatMap.java:189)
		at com.appsmith.server.configurations.MDCConfig$MdcContextLifter.onComplete(MDCConfig.java:69)
		at reactor.core.publisher.Operators$MonoSubscriber.onComplete(Operators.java:1906)
		at reactor.core.publisher.MonoCacheTime.subscribeOrReturn(MonoCacheTime.java:154)
		at reactor.core.publisher.InternalMonoOperator.subscribe(InternalMonoOperator.java:63)
		at reactor.core.publisher.MonoCacheTime.subscribeOrReturn(MonoCacheTime.java:143)
		at reactor.core.publisher.Mono.subscribe(Mono.java:4560)
		at reactor.core.publisher.FluxSwitchIfEmpty$SwitchIfEmptySubscriber.onComplete(FluxSwitchIfEmpty.java:82)
		at com.appsmith.server.configurations.MDCConfig$MdcContextLifter.onComplete(MDCConfig.java:69)
		at reactor.core.publisher.MonoFlatMap$FlatMapMain.onComplete(MonoFlatMap.java:189)
		at com.appsmith.server.configurations.MDCConfig$MdcContextLifter.onComplete(MDCConfig.java:69)
		at reactor.core.publisher.Operators$MonoSubscriber.onComplete(Operators.java:1906)
		at reactor.core.publisher.MonoCacheTime$CoordinatorSubscriber.signalCached(MonoCacheTime.java:343)
		at reactor.core.publisher.MonoCacheTime$CoordinatorSubscriber.onComplete(MonoCacheTime.java:368)
		at com.appsmith.server.configurations.MDCConfig$MdcContextLifter.onComplete(MDCConfig.java:69)
		at reactor.core.publisher.MonoFlatMap$FlatMapMain.onNext(MonoFlatMap.java:155)
		at com.appsmith.server.configurations.MDCConfig$MdcContextLifter.onNext(MDCConfig.java:59)
		at reactor.core.publisher.FluxMap$MapSubscriber.onNext(FluxMap.java:122)
		at com.appsmith.server.configurations.MDCConfig$MdcContextLifter.onNext(MDCConfig.java:59)
		at reactor.core.publisher.FluxMap$MapSubscriber.onNext(FluxMap.java:122)
		at com.appsmith.server.configurations.MDCConfig$MdcContextLifter.onNext(MDCConfig.java:59)
		at reactor.core.publisher.MonoZip$ZipCoordinator.signal(MonoZip.java:297)
		at reactor.core.publisher.MonoZip$ZipInner.onNext(MonoZip.java:478)
		at com.appsmith.server.configurations.MDCConfig$MdcContextLifter.onNext(MDCConfig.java:59)
		at reactor.core.publisher.MonoFlatMap$FlatMapMain.secondComplete(MonoFlatMap.java:245)
		at reactor.core.publisher.MonoFlatMap$FlatMapInner.onNext(MonoFlatMap.java:305)
		at com.appsmith.server.configurations.MDCConfig$MdcContextLifter.onNext(MDCConfig.java:59)
		at reactor.core.publisher.FluxSwitchIfEmpty$SwitchIfEmptySubscriber.onNext(FluxSwitchIfEmpty.java:74)
		at com.appsmith.server.configurations.MDCConfig$MdcContextLifter.onNext(MDCConfig.java:59)
		at reactor.core.publisher.FluxMap$MapSubscriber.onNext(FluxMap.java:122)
		at com.appsmith.server.configurations.MDCConfig$MdcContextLifter.onNext(MDCConfig.java:59)
		at reactor.core.publisher.FluxSwitchIfEmpty$SwitchIfEmptySubscriber.onNext(FluxSwitchIfEmpty.java:74)
		at com.appsmith.server.configurations.MDCConfig$MdcContextLifter.onNext(MDCConfig.java:59)
		at reactor.core.publisher.FluxSwitchIfEmpty$SwitchIfEmptySubscriber.onNext(FluxSwitchIfEmpty.java:74)
		at com.appsmith.server.configurations.MDCConfig$MdcContextLifter.onNext(MDCConfig.java:59)
		at reactor.core.publisher.FluxMap$MapSubscriber.onNext(FluxMap.java:122)
		at com.appsmith.server.configurations.MDCConfig$MdcContextLifter.onNext(MDCConfig.java:59)
		at reactor.core.publisher.MonoNext$NextSubscriber.onNext(MonoNext.java:82)
		at com.appsmith.server.configurations.MDCConfig$MdcContextLifter.onNext(MDCConfig.java:59)
		at reactor.core.publisher.FluxUsingWhen$UsingWhenSubscriber.onNext(FluxUsingWhen.java:348)
		at com.appsmith.server.configurations.MDCConfig$MdcContextLifter.onNext(MDCConfig.java:59)
		at reactor.core.publisher.FluxMap$MapSubscriber.onNext(FluxMap.java:122)
		at com.appsmith.server.configurations.MDCConfig$MdcContextLifter.onNext(MDCConfig.java:59)
		at reactor.core.publisher.FluxMap$MapSubscriber.onNext(FluxMap.java:122)
		at com.appsmith.server.configurations.MDCConfig$MdcContextLifter.onNext(MDCConfig.java:59)
		at reactor.core.publisher.FluxFilter$FilterSubscriber.onNext(FluxFilter.java:113)
		at com.appsmith.server.configurations.MDCConfig$MdcContextLifter.onNext(MDCConfig.java:59)
		at reactor.core.publisher.MonoNext$NextSubscriber.onNext(MonoNext.java:82)
		at com.appsmith.server.configurations.MDCConfig$MdcContextLifter.onNext(MDCConfig.java:59)
		at reactor.core.publisher.FluxOnErrorResume$ResumeSubscriber.onNext(FluxOnErrorResume.java:79)
		at com.appsmith.server.configurations.MDCConfig$MdcContextLifter.onNext(MDCConfig.java:59)
		at reactor.core.publisher.MonoFlatMapMany$FlatMapManyInner.onNext(MonoFlatMapMany.java:251)
		at com.appsmith.server.configurations.MDCConfig$MdcContextLifter.onNext(MDCConfig.java:59)
		at reactor.core.publisher.FluxConcatMapNoPrefetch$FluxConcatMapNoPrefetchSubscriber.innerNext(FluxConcatMapNoPrefetch.java:259)
		at reactor.core.publisher.FluxConcatMap$ConcatMapInner.onNext(FluxConcatMap.java:865)
		at com.appsmith.server.configurations.MDCConfig$MdcContextLifter.onNext(MDCConfig.java:59)
		at reactor.core.publisher.FluxDefaultIfEmpty$DefaultIfEmptySubscriber.onNext(FluxDefaultIfEmpty.java:122)
		at com.appsmith.server.configurations.MDCConfig$MdcContextLifter.onNext(MDCConfig.java:59)
		at reactor.core.publisher.FluxMap$MapSubscriber.onNext(FluxMap.java:122)
		at com.appsmith.server.configurations.MDCConfig$MdcContextLifter.onNext(MDCConfig.java:59)
		at reactor.core.publisher.MonoNext$NextSubscriber.onNext(MonoNext.java:82)
		at reactor.core.publisher.MonoNext$NextSubscriber.onNext(MonoNext.java:82)
		at io.lettuce.core.RedisPublisher$ImmediateSubscriber.onNext(RedisPublisher.java:890)
		at io.lettuce.core.RedisPublisher$RedisSubscription.onNext(RedisPublisher.java:291)
		at io.lettuce.core.RedisPublisher$SubscriptionCommand.doOnComplete(RedisPublisher.java:777)
		at io.lettuce.core.protocol.CommandWrapper.complete(CommandWrapper.java:65)
		at io.lettuce.core.protocol.CommandWrapper.complete(CommandWrapper.java:63)
		at io.lettuce.core.protocol.CommandHandler.complete(CommandHandler.java:745)
		at io.lettuce.core.protocol.CommandHandler.decode(CommandHandler.java:680)
		at io.lettuce.core.protocol.CommandHandler.channelRead(CommandHandler.java:597)
		at io.netty.channel.AbstractChannelHandlerContext.invokeChannelRead(AbstractChannelHandlerContext.java:442)
		at io.netty.channel.AbstractChannelHandlerContext.invokeChannelRead(AbstractChannelHandlerContext.java:420)
		at io.netty.channel.AbstractChannelHandlerContext.fireChannelRead(AbstractChannelHandlerContext.java:412)
		at io.netty.channel.DefaultChannelPipeline$HeadContext.channelRead(DefaultChannelPipeline.java:1357)
		at io.netty.channel.AbstractChannelHandlerContext.invokeChannelRead(AbstractChannelHandlerContext.java:440)
		at io.netty.channel.AbstractChannelHandlerContext.invokeChannelRead(AbstractChannelHandlerContext.java:420)
		at io.netty.channel.DefaultChannelPipeline.fireChannelRead(DefaultChannelPipeline.java:868)
		at io.netty.channel.epoll.AbstractEpollStreamChannel$EpollStreamUnsafe.epollInReady(AbstractEpollStreamChannel.java:799)
		at io.netty.channel.epoll.EpollEventLoop.processReady(EpollEventLoop.java:501)
		at io.netty.channel.epoll.EpollEventLoop.run(EpollEventLoop.java:399)
		at io.netty.util.concurrent.SingleThreadEventExecutor$4.run(SingleThreadEventExecutor.java:998)
		at io.netty.util.internal.ThreadExecutorMap$2.run(ThreadExecutorMap.java:74)
		at io.netty.util.concurrent.FastThreadLocalRunnable.run(FastThreadLocalRunnable.java:30)
		at java.base/java.lang.Thread.run(Thread.java:840)
APPSMITH_GIT_ROOT: /appsmith-stacks/git-storage
SLF4J(W): Class path contains multiple SLF4J providers.
SLF4J(W): Found provider [ch.qos.logback.classic.spi.LogbackServiceProvider@4e1d422d]
SLF4J(W): Found provider [org.slf4j.reload4j.Reload4jServiceProvider@66480dd7]
SLF4J(W): See https://www.slf4j.org/codes.html#multiple_bindings for an explanation.
SLF4J(I): Actual provider is of type [ch.qos.logback.classic.spi.LogbackServiceProvider@4e1d422d]
APPSMITH_GIT_ROOT: /appsmith-stacks/git-storage
SLF4J(W): Class path contains multiple SLF4J providers.
SLF4J(W): Found provider [ch.qos.logback.classic.spi.LogbackServiceProvider@4e1d422d]
SLF4J(W): Found provider [org.slf4j.reload4j.Reload4jServiceProvider@66480dd7]
SLF4J(W): See https://www.slf4j.org/codes.html#multiple_bindings for an explanation.
SLF4J(I): Actual provider is of type [ch.qos.logback.classic.spi.LogbackServiceProvider@4e1d422d]
APPSMITH_GIT_ROOT: /appsmith-stacks/git-storage
SLF4J(W): Class path contains multiple SLF4J providers.
SLF4J(W): Found provider [ch.qos.logback.classic.spi.LogbackServiceProvider@4e1d422d]
SLF4J(W): Found provider [org.slf4j.reload4j.Reload4jServiceProvider@66480dd7]
SLF4J(W): See https://www.slf4j.org/codes.html#multiple_bindings for an explanation.
SLF4J(I): Actual provider is of type [ch.qos.logback.classic.spi.LogbackServiceProvider@4e1d422d]
APPSMITH_GIT_ROOT: /appsmith-stacks/git-storage
SLF4J(W): Class path contains multiple SLF4J providers.
SLF4J(W): Found provider [ch.qos.logback.classic.spi.LogbackServiceProvider@4e1d422d]
SLF4J(W): Found provider [org.slf4j.reload4j.Reload4jServiceProvider@66480dd7]
SLF4J(W): See https://www.slf4j.org/codes.html#multiple_bindings for an explanation.
SLF4J(I): Actual provider is of type [ch.qos.logback.classic.spi.LogbackServiceProvider@4e1d422d]
com.appsmith.external.exceptions.pluginExceptions.AppsmithPluginException: Requested url host is null or empty
	at com.appsmith.util.WebClientUtils.requestFilterFn(WebClientUtils.java:195)
	Suppressed: The stacktrace has been enhanced by Reactor, refer to additional information below: 
Error has been observed at the following site(s):
	*__checkpoint ⇢ Request to GET http:/devices [DefaultWebClient]
Original Stack Trace:
		at com.appsmith.util.WebClientUtils.requestFilterFn(WebClientUtils.java:195)
		at org.springframework.web.reactive.function.client.ExchangeFilterFunction.lambda$ofRequestProcessor$3(ExchangeFilterFunction.java:84)
		at org.springframework.web.reactive.function.client.ExchangeFilterFunction.lambda$andThen$1(ExchangeFilterFunction.java:62)
		at org.springframework.web.reactive.function.client.ExchangeFilterFunction.lambda$andThen$1(ExchangeFilterFunction.java:62)
		at org.springframework.web.reactive.function.client.ExchangeFilterFunction.lambda$apply$2(ExchangeFilterFunction.java:73)
		at org.springframework.web.reactive.function.client.DefaultWebClient$DefaultRequestBodyUriSpec.lambda$exchange$8(DefaultWebClient.java:458)
		at reactor.core.publisher.MonoDefer.subscribe(MonoDefer.java:45)
		at reactor.core.publisher.InternalMonoOperator.subscribe(InternalMonoOperator.java:76)
		at reactor.core.publisher.MonoDeferContextual.subscribe(MonoDeferContextual.java:55)
		at reactor.core.publisher.InternalMonoOperator.subscribe(InternalMonoOperator.java:76)
		at reactor.core.publisher.MonoFlatMap$FlatMapMain.onNext(MonoFlatMap.java:165)
		at com.appsmith.server.configurations.MDCConfig$MdcContextLifter.onNext(MDCConfig.java:59)
		at reactor.core.publisher.MonoZip$ZipCoordinator.signal(MonoZip.java:297)
		at reactor.core.publisher.MonoZip$ZipInner.onNext(MonoZip.java:478)
		at com.appsmith.server.configurations.MDCConfig$MdcContextLifter.onNext(MDCConfig.java:59)
		at reactor.core.publisher.MonoFlatMap$FlatMapMain.secondComplete(MonoFlatMap.java:245)
		at reactor.core.publisher.MonoFlatMap$FlatMapInner.onNext(MonoFlatMap.java:305)
		at com.appsmith.server.configurations.MDCConfig$MdcContextLifter.onNext(MDCConfig.java:59)
		at reactor.core.publisher.FluxTap$TapSubscriber.onNext(FluxTap.java:226)
		at reactor.core.publisher.FluxTapFuseable$TapFuseableSubscriber.onNext(FluxTapFuseable.java:197)
		at com.appsmith.server.configurations.MDCConfig$MdcContextLifter.onNext(MDCConfig.java:59)
		at reactor.core.publisher.FluxHide$SuppressFuseableSubscriber.onNext(FluxHide.java:137)
		at reactor.core.publisher.MonoFlatMap$FlatMapMain.secondComplete(MonoFlatMap.java:245)
		at reactor.core.publisher.MonoFlatMap$FlatMapInner.onNext(MonoFlatMap.java:305)
		at com.appsmith.server.configurations.MDCConfig$MdcContextLifter.onNext(MDCConfig.java:59)
		at reactor.core.publisher.FluxOnErrorResume$ResumeSubscriber.onNext(FluxOnErrorResume.java:79)
		at com.appsmith.server.configurations.MDCConfig$MdcContextLifter.onNext(MDCConfig.java:59)
		at reactor.core.publisher.MonoFlatMap$FlatMapMain.secondComplete(MonoFlatMap.java:245)
		at reactor.core.publisher.MonoFlatMap$FlatMapInner.onNext(MonoFlatMap.java:305)
		at com.appsmith.server.configurations.MDCConfig$MdcContextLifter.onNext(MDCConfig.java:59)
		at reactor.core.publisher.MonoSubscribeOn$SubscribeOnSubscriber.onNext(MonoSubscribeOn.java:146)
		at com.appsmith.server.configurations.MDCConfig$MdcContextLifter.onNext(MDCConfig.java:59)
		at reactor.core.publisher.MonoFlatMap$FlatMapMain.secondComplete(MonoFlatMap.java:245)
		at reactor.core.publisher.MonoFlatMap$FlatMapInner.onNext(MonoFlatMap.java:305)
		at com.appsmith.server.configurations.MDCConfig$MdcContextLifter.onNext(MDCConfig.java:59)
		at reactor.core.publisher.MonoSubscribeOn$SubscribeOnSubscriber.onNext(MonoSubscribeOn.java:146)
		at com.appsmith.server.configurations.MDCConfig$MdcContextLifter.onNext(MDCConfig.java:59)
		at reactor.core.publisher.MonoFlatMap$FlatMapMain.secondComplete(MonoFlatMap.java:245)
		at reactor.core.publisher.MonoFlatMap$FlatMapInner.onNext(MonoFlatMap.java:305)
		at com.appsmith.server.configurations.MDCConfig$MdcContextLifter.onNext(MDCConfig.java:59)
		at reactor.core.publisher.FluxSwitchIfEmpty$SwitchIfEmptySubscriber.onNext(FluxSwitchIfEmpty.java:74)
		at com.appsmith.server.configurations.MDCConfig$MdcContextLifter.onNext(MDCConfig.java:59)
		at reactor.core.publisher.Operators$MonoSubscriber.complete(Operators.java:1864)
		at reactor.core.publisher.MonoCacheTime$CoordinatorSubscriber.signalCached(MonoCacheTime.java:337)
		at reactor.core.publisher.MonoCacheTime$CoordinatorSubscriber.onNext(MonoCacheTime.java:354)
		at com.appsmith.server.configurations.MDCConfig$MdcContextLifter.onNext(MDCConfig.java:59)
		at reactor.core.publisher.Operators$BaseFluxToMonoOperator.completePossiblyEmpty(Operators.java:2096)
		at reactor.core.publisher.FluxDefaultIfEmpty$DefaultIfEmptySubscriber.onComplete(FluxDefaultIfEmpty.java:134)
		at com.appsmith.server.configurations.MDCConfig$MdcContextLifter.onComplete(MDCConfig.java:69)
		at reactor.core.publisher.FluxHide$SuppressFuseableSubscriber.onComplete(FluxHide.java:147)
		at reactor.core.publisher.FluxMapFuseable$MapFuseableSubscriber.onComplete(FluxMapFuseable.java:152)
		at com.appsmith.server.configurations.MDCConfig$MdcContextLifter.onComplete(MDCConfig.java:69)
		at reactor.core.publisher.FluxHide$SuppressFuseableSubscriber.onComplete(FluxHide.java:147)
		at reactor.core.publisher.MonoFlatMap$FlatMapMain.onComplete(MonoFlatMap.java:189)
		at com.appsmith.server.configurations.MDCConfig$MdcContextLifter.onComplete(MDCConfig.java:69)
		at reactor.core.publisher.Operators$MonoSubscriber.onComplete(Operators.java:1906)
		at reactor.core.publisher.MonoCacheTime.subscribeOrReturn(MonoCacheTime.java:154)
		at reactor.core.publisher.InternalMonoOperator.subscribe(InternalMonoOperator.java:63)
		at reactor.core.publisher.MonoCacheTime.subscribeOrReturn(MonoCacheTime.java:143)
		at reactor.core.publisher.Mono.subscribe(Mono.java:4560)
		at reactor.core.publisher.FluxSwitchIfEmpty$SwitchIfEmptySubscriber.onComplete(FluxSwitchIfEmpty.java:82)
		at com.appsmith.server.configurations.MDCConfig$MdcContextLifter.onComplete(MDCConfig.java:69)
		at reactor.core.publisher.MonoFlatMap$FlatMapMain.onComplete(MonoFlatMap.java:189)
		at com.appsmith.server.configurations.MDCConfig$MdcContextLifter.onComplete(MDCConfig.java:69)
		at reactor.core.publisher.Operators$MonoSubscriber.onComplete(Operators.java:1906)
		at reactor.core.publisher.MonoCacheTime$CoordinatorSubscriber.signalCached(MonoCacheTime.java:343)
		at reactor.core.publisher.MonoCacheTime$CoordinatorSubscriber.onComplete(MonoCacheTime.java:368)
		at com.appsmith.server.configurations.MDCConfig$MdcContextLifter.onComplete(MDCConfig.java:69)
		at reactor.core.publisher.MonoFlatMap$FlatMapMain.onNext(MonoFlatMap.java:155)
		at com.appsmith.server.configurations.MDCConfig$MdcContextLifter.onNext(MDCConfig.java:59)
		at reactor.core.publisher.FluxMap$MapSubscriber.onNext(FluxMap.java:122)
		at com.appsmith.server.configurations.MDCConfig$MdcContextLifter.onNext(MDCConfig.java:59)
		at reactor.core.publisher.FluxMap$MapSubscriber.onNext(FluxMap.java:122)
		at com.appsmith.server.configurations.MDCConfig$MdcContextLifter.onNext(MDCConfig.java:59)
		at reactor.core.publisher.MonoZip$ZipCoordinator.signal(MonoZip.java:297)
		at reactor.core.publisher.MonoZip$ZipInner.onNext(MonoZip.java:478)
		at com.appsmith.server.configurations.MDCConfig$MdcContextLifter.onNext(MDCConfig.java:59)
		at reactor.core.publisher.MonoFlatMap$FlatMapMain.secondComplete(MonoFlatMap.java:245)
		at reactor.core.publisher.MonoFlatMap$FlatMapInner.onNext(MonoFlatMap.java:305)
		at com.appsmith.server.configurations.MDCConfig$MdcContextLifter.onNext(MDCConfig.java:59)
		at reactor.core.publisher.FluxSwitchIfEmpty$SwitchIfEmptySubscriber.onNext(FluxSwitchIfEmpty.java:74)
		at com.appsmith.server.configurations.MDCConfig$MdcContextLifter.onNext(MDCConfig.java:59)
		at reactor.core.publisher.FluxMap$MapSubscriber.onNext(FluxMap.java:122)
		at com.appsmith.server.configurations.MDCConfig$MdcContextLifter.onNext(MDCConfig.java:59)
		at reactor.core.publisher.FluxSwitchIfEmpty$SwitchIfEmptySubscriber.onNext(FluxSwitchIfEmpty.java:74)
		at com.appsmith.server.configurations.MDCConfig$MdcContextLifter.onNext(MDCConfig.java:59)
		at reactor.core.publisher.FluxSwitchIfEmpty$SwitchIfEmptySubscriber.onNext(FluxSwitchIfEmpty.java:74)
		at com.appsmith.server.configurations.MDCConfig$MdcContextLifter.onNext(MDCConfig.java:59)
		at reactor.core.publisher.FluxMap$MapSubscriber.onNext(FluxMap.java:122)
		at com.appsmith.server.configurations.MDCConfig$MdcContextLifter.onNext(MDCConfig.java:59)
		at reactor.core.publisher.MonoNext$NextSubscriber.onNext(MonoNext.java:82)
		at com.appsmith.server.configurations.MDCConfig$MdcContextLifter.onNext(MDCConfig.java:59)
		at reactor.core.publisher.FluxUsingWhen$UsingWhenSubscriber.onNext(FluxUsingWhen.java:348)
		at com.appsmith.server.configurations.MDCConfig$MdcContextLifter.onNext(MDCConfig.java:59)
		at reactor.core.publisher.FluxMap$MapSubscriber.onNext(FluxMap.java:122)
		at com.appsmith.server.configurations.MDCConfig$MdcContextLifter.onNext(MDCConfig.java:59)
		at reactor.core.publisher.FluxMap$MapSubscriber.onNext(FluxMap.java:122)
		at com.appsmith.server.configurations.MDCConfig$MdcContextLifter.onNext(MDCConfig.java:59)
		at reactor.core.publisher.FluxFilter$FilterSubscriber.onNext(FluxFilter.java:113)
		at com.appsmith.server.configurations.MDCConfig$MdcContextLifter.onNext(MDCConfig.java:59)
		at reactor.core.publisher.MonoNext$NextSubscriber.onNext(MonoNext.java:82)
		at com.appsmith.server.configurations.MDCConfig$MdcContextLifter.onNext(MDCConfig.java:59)
		at reactor.core.publisher.FluxOnErrorResume$ResumeSubscriber.onNext(FluxOnErrorResume.java:79)
		at com.appsmith.server.configurations.MDCConfig$MdcContextLifter.onNext(MDCConfig.java:59)
		at reactor.core.publisher.MonoFlatMapMany$FlatMapManyInner.onNext(MonoFlatMapMany.java:251)
		at com.appsmith.server.configurations.MDCConfig$MdcContextLifter.onNext(MDCConfig.java:59)
		at reactor.core.publisher.FluxConcatMapNoPrefetch$FluxConcatMapNoPrefetchSubscriber.innerNext(FluxConcatMapNoPrefetch.java:259)
		at reactor.core.publisher.FluxConcatMap$ConcatMapInner.onNext(FluxConcatMap.java:865)
		at com.appsmith.server.configurations.MDCConfig$MdcContextLifter.onNext(MDCConfig.java:59)
		at reactor.core.publisher.FluxDefaultIfEmpty$DefaultIfEmptySubscriber.onNext(FluxDefaultIfEmpty.java:122)
		at com.appsmith.server.configurations.MDCConfig$MdcContextLifter.onNext(MDCConfig.java:59)
		at reactor.core.publisher.FluxMap$MapSubscriber.onNext(FluxMap.java:122)
		at com.appsmith.server.configurations.MDCConfig$MdcContextLifter.onNext(MDCConfig.java:59)
		at reactor.core.publisher.MonoNext$NextSubscriber.onNext(MonoNext.java:82)
		at reactor.core.publisher.MonoNext$NextSubscriber.onNext(MonoNext.java:82)
		at io.lettuce.core.RedisPublisher$ImmediateSubscriber.onNext(RedisPublisher.java:890)
		at io.lettuce.core.RedisPublisher$RedisSubscription.onNext(RedisPublisher.java:291)
		at io.lettuce.core.RedisPublisher$SubscriptionCommand.doOnComplete(RedisPublisher.java:777)
		at io.lettuce.core.protocol.CommandWrapper.complete(CommandWrapper.java:65)
		at io.lettuce.core.protocol.CommandWrapper.complete(CommandWrapper.java:63)
		at io.lettuce.core.protocol.CommandHandler.complete(CommandHandler.java:745)
		at io.lettuce.core.protocol.CommandHandler.decode(CommandHandler.java:680)
		at io.lettuce.core.protocol.CommandHandler.channelRead(CommandHandler.java:597)
		at io.netty.channel.AbstractChannelHandlerContext.invokeChannelRead(AbstractChannelHandlerContext.java:442)
		at io.netty.channel.AbstractChannelHandlerContext.invokeChannelRead(AbstractChannelHandlerContext.java:420)
		at io.netty.channel.AbstractChannelHandlerContext.fireChannelRead(AbstractChannelHandlerContext.java:412)
		at io.netty.channel.DefaultChannelPipeline$HeadContext.channelRead(DefaultChannelPipeline.java:1357)
		at io.netty.channel.AbstractChannelHandlerContext.invokeChannelRead(AbstractChannelHandlerContext.java:440)
		at io.netty.channel.AbstractChannelHandlerContext.invokeChannelRead(AbstractChannelHandlerContext.java:420)
		at io.netty.channel.DefaultChannelPipeline.fireChannelRead(DefaultChannelPipeline.java:868)
		at io.netty.channel.epoll.AbstractEpollStreamChannel$EpollStreamUnsafe.epollInReady(AbstractEpollStreamChannel.java:799)
		at io.netty.channel.epoll.EpollEventLoop.processReady(EpollEventLoop.java:501)
		at io.netty.channel.epoll.EpollEventLoop.run(EpollEventLoop.java:399)
		at io.netty.util.concurrent.SingleThreadEventExecutor$4.run(SingleThreadEventExecutor.java:998)
		at io.netty.util.internal.ThreadExecutorMap$2.run(ThreadExecutorMap.java:74)
		at io.netty.util.concurrent.FastThreadLocalRunnable.run(FastThreadLocalRunnable.java:30)
		at java.base/java.lang.Thread.run(Thread.java:840)
APPSMITH_GIT_ROOT: /appsmith-stacks/git-storage
SLF4J(W): Class path contains multiple SLF4J providers.
SLF4J(W): Found provider [ch.qos.logback.classic.spi.LogbackServiceProvider@4e1d422d]
SLF4J(W): Found provider [org.slf4j.reload4j.Reload4jServiceProvider@66480dd7]
SLF4J(W): See https://www.slf4j.org/codes.html#multiple_bindings for an explanation.
SLF4J(I): Actual provider is of type [ch.qos.logback.classic.spi.LogbackServiceProvider@4e1d422d]
